0 info it worked if it ends with ok
1 verbose cli [ 'C:\\Program Files\\nodejs\\node.exe',
1 verbose cli   'C:\\Users\\rhoderickb\\AppData\\Roaming\\npm\\node_modules\\npm\\bin\\npm-cli.js',
1 verbose cli   'start' ]
2 info using npm@3.10.9
3 info using node@v6.9.1
4 verbose run-script [ 'prestart', 'start', 'poststart' ]
5 info lifecycle KanbanBoard@1.0.0~prestart: KanbanBoard@1.0.0
6 silly lifecycle KanbanBoard@1.0.0~prestart: no script for prestart, continuing
7 info lifecycle KanbanBoard@1.0.0~start: KanbanBoard@1.0.0
8 verbose lifecycle KanbanBoard@1.0.0~start: unsafe-perm in lifecycle true
9 verbose lifecycle KanbanBoard@1.0.0~start: PATH: C:\Users\rhoderickb\AppData\Roaming\npm\node_modules\npm\bin\node-gyp-bin;C:\Users\rhoderickb\Documents\GitHub\MMReactJSProj\node_modules\.bin;C:\WINDOWS\system32;C:\WINDOWS;C:\WINDOWS\System32\Wbem;C:\WINDOWS\System32\WindowsPowerShell\v1.0\;C:\Program Files (x86)\Microsoft ASP.NET\ASP.NET Web Pages\v1.0\;C:\Program Files\Microsoft SQL Server\110\Tools\Binn\;C:\Program Files (x86)\Windows Kits\8.1\Windows Performance Toolkit\;C:\Program Files\Microsoft\Web Platform Installer\;C:\Program Files (x86)\Microsoft SDKs\TypeScript\1.0\;C:\Program Files\Microsoft SQL Server\120\Tools\Binn\;C:\Program Files (x86)\GtkSharp\2.12\bin;C:\Program Files (x86)\QuickTime\QTSystem\;C:\Program Files (x86)\Skype\Phone\;C:\Program Files\Microsoft SQL Server\130\Tools\Binn\;C:\Program Files\dotnet\;C:\Program Files\Git\cmd;C:\Program Files\Microsoft SQL Server\120\DTS\Binn\;C:\Program Files\Microsoft SQL Server\Client SDK\ODBC\110\Tools\Binn\;C:\Program Files (x86)\Microsoft SQL Server\120\Tools\Binn\;C:\Program Files (x86)\Microsoft SQL Server\120\Tools\Binn\ManagementStudio\;C:\Program Files (x86)\Microsoft SQL Server\120\DTS\Binn\;C:\Program Files\SourceGear\Common\DiffMerge\;C:\Program Files (x86)\Microsoft SQL Server\110\Tools\Binn\;C:\Program Files\Microsoft SQL Server\110\DTS\Binn\;C:\Program Files\nodejs\;C:\Users\rhoderickb\AppData\Local\Code\bin;C:\Program Files (x86)\Microsoft VS Code\bin;C:\ProgramData\RhoderickB\atom\bin;C:\Users\rhoderickb\AppData\Local\Microsoft\WindowsApps;C:\Users\rhoderickb\AppData\Roaming\npm
10 verbose lifecycle KanbanBoard@1.0.0~start: CWD: C:\Users\rhoderickb\Documents\GitHub\MMReactJSProj
11 silly lifecycle KanbanBoard@1.0.0~start: Args: [ '/d /s /c',
11 silly lifecycle   'webpack-dev-server -d --progress --colors --display-error-details' ]
12 silly lifecycle KanbanBoard@1.0.0~start: Returned: code: 3221225786  signal: null
13 info lifecycle KanbanBoard@1.0.0~start: Failed to exec start script
14 verbose stack Error: KanbanBoard@1.0.0 start: `webpack-dev-server -d --progress --colors --display-error-details`
14 verbose stack Exit status 3221225786
14 verbose stack     at EventEmitter.<anonymous> (C:\Users\rhoderickb\AppData\Roaming\npm\node_modules\npm\lib\utils\lifecycle.js:255:16)
14 verbose stack     at emitTwo (events.js:106:13)
14 verbose stack     at EventEmitter.emit (events.js:191:7)
14 verbose stack     at ChildProcess.<anonymous> (C:\Users\rhoderickb\AppData\Roaming\npm\node_modules\npm\lib\utils\spawn.js:40:14)
14 verbose stack     at emitTwo (events.js:106:13)
14 verbose stack     at ChildProcess.emit (events.js:191:7)
14 verbose stack     at maybeClose (internal/child_process.js:877:16)
14 verbose stack     at Process.ChildProcess._handle.onexit (internal/child_process.js:226:5)
15 verbose pkgid KanbanBoard@1.0.0
16 verbose cwd C:\Users\rhoderickb\Documents\GitHub\MMReactJSProj
17 error Windows_NT 10.0.14393
18 error argv "C:\\Program Files\\nodejs\\node.exe" "C:\\Users\\rhoderickb\\AppData\\Roaming\\npm\\node_modules\\npm\\bin\\npm-cli.js" "start"
19 error node v6.9.1
20 error npm  v3.10.9
21 error code ELIFECYCLE
22 error KanbanBoard@1.0.0 start: `webpack-dev-server -d --progress --colors --display-error-details`
22 error Exit status 3221225786
23 error Failed at the KanbanBoard@1.0.0 start script 'webpack-dev-server -d --progress --colors --display-error-details'.
23 error Make sure you have the latest version of node.js and npm installed.
23 error If you do, this is most likely a problem with the KanbanBoard package,
23 error not with npm itself.
23 error Tell the author that this fails on your system:
23 error     webpack-dev-server -d --progress --colors --display-error-details
23 error You can get information on how to open an issue for this project with:
23 error     npm bugs KanbanBoard
23 error Or if that isn't available, you can get their info via:
23 error     npm owner ls KanbanBoard
23 error There is likely additional logging output above.
24 verbose exit [ 1, true ]
